<?xml version="1.0" encoding="UTF-8"?>
<!-- Generated by org.testng.reporters.JUnitXMLReporter -->
<testsuite hostname="LAPTOP-K5FPFD11" failures="1" tests="2" name="LandingPage" time="7.665" errors="0" timestamp="13 Mar 2021 05:52:43 GMT">
  <testcase classname="com.salesoptimize.landingpage.HomeMenuTest" name="HomeMenu" time="2.239"/>
  <testcase classname="com.salesoptimize.landingpage.LoginSalesOptimizeTest" name="LoginSalesOptimize" time="3.065">
    <failure type="java.lang.RuntimeException" message="java.lang.NullPointerException: Cannot invoke &amp;quot;String.split(String)&amp;quot; because &amp;quot;objecttypeandvalues&amp;quot; is null">
      <![CDATA[java.lang.RuntimeException: java.lang.NullPointerException: Cannot invoke "String.split(String)" because "objecttypeandvalues" is null
	at com.salesoptimize.landingpage.LoginSalesOptimizeTest.LoginSalesOptimize(LoginSalesOptimizeTest.java:21)
Caused by: java.lang.NullPointerException: Cannot invoke "String.split(String)" because "objecttypeandvalues" is null
	at com.salesoptimize.utility.CommonMethod.findElement(CommonMethod.java:60)
	at com.salesoptimize.utility.CommonMethod.clear(CommonMethod.java:260)
	at com.salesoptimize.reusablemethods.ReusableMethodsLogin.fillLoginDetails(ReusableMethodsLogin.java:30)
	at com.salesoptimize.reusablemethods.ReusableMethodsLogin.login(ReusableMethodsLogin.java:70)
	at com.salesoptimize.landingpage.LoginSalesOptimizeTest.LoginSalesOptimize(LoginSalesOptimizeTest.java:18)
	... 25 more
... Removed 25 stack frames]]>
    </failure>
  </testcase> <!-- LoginSalesOptimize -->
</testsuite> <!-- LandingPage -->
