<?xml version="1.0" encoding="UTF-8"?>
<testng-results skipped="0" failed="0" ignored="10" total="16" passed="6">
  <reporter-output>
  </reporter-output>
  <suite name="LandingPage" duration-ms="25389" started-at="2021-03-18T14:07:32Z" finished-at="2021-03-18T14:07:57Z">
    <groups>
      <group name="Sanity">
        <method signature="FirstRecordCaptureDetailTest.FirstRecordCaptureDetail(int, java.lang.String)[pri:0, instance:com.salesoptimize.landingpage.FirstRecordCaptureDetailTest@61a485d2]" name="FirstRecordCaptureDetail" class="com.salesoptimize.landingpage.FirstRecordCaptureDetailTest"/>
        <method signature="LoginSalesOptimizeTest.LoginSalesOptimize()[pri:0, instance:com.salesoptimize.landingpage.LoginSalesOptimizeTest@69d9c55]" name="LoginSalesOptimize" class="com.salesoptimize.landingpage.LoginSalesOptimizeTest"/>
        <method signature="SearchButtonAndCaptureResultTest.SearchButtonAndCaptureResult(int, java.lang.String)[pri:0, instance:com.salesoptimize.landingpage.SearchButtonAndCaptureResultTest@59e84876]" name="SearchButtonAndCaptureResult" class="com.salesoptimize.landingpage.SearchButtonAndCaptureResultTest"/>
        <method signature="SelectBusinessCountryTest.SelectBusinessCountry(int, java.lang.String)[pri:0, instance:com.salesoptimize.landingpage.SelectBusinessCountryTest@13a57a3b]" name="SelectBusinessCountry" class="com.salesoptimize.landingpage.SelectBusinessCountryTest"/>
        <method signature="SelectCompanyTurnover1AndAboveTest.SelectCompanyTurnover1AndAbove(int, java.lang.String)[pri:0, instance:com.salesoptimize.landingpage.SelectCompanyTurnover1AndAboveTest@337d0578]" name="SelectCompanyTurnover1AndAbove" class="com.salesoptimize.landingpage.SelectCompanyTurnover1AndAboveTest"/>
        <method signature="SelectIndustryRetailAndFashiClothingTest.SelectIndustryRetailAndFashiClothing(int, java.lang.String)[pri:0, instance:com.salesoptimize.landingpage.SelectIndustryRetailAndFashiClothingTest@7ca48474]" name="SelectIndustryRetailAndFashiClothing" class="com.salesoptimize.landingpage.SelectIndustryRetailAndFashiClothingTest"/>
      </group> <!-- Sanity -->
    </groups>
    <test name="LandingPage" duration-ms="25389" started-at="2021-03-18T14:07:32Z" finished-at="2021-03-18T14:07:57Z">
      <class name="com.salesoptimize.landingpage.SelectBusinessCountryTest">
        <test-method status="PASS" signature="ExtentReportConfig(org.testng.ITestContext)[pri:0, instance:com.salesoptimize.landingpage.SelectBusinessCountryTest@13a57a3b]" name="ExtentReportConfig" is-config="true" duration-ms="0" started-at="2021-03-18T19:37:36Z" finished-at="2021-03-18T19:37:36Z">
          <params>
            <param index="0">
              <value>
                <![CDATA[org.testng.TestRunner@5ff2e84b]]>
              </value>
            </param>
          </params>
          <reporter-output>
          </reporter-output>
        </test-method> <!-- ExtentReportConfig -->
        <test-method status="PASS" signature="SelectBusinessCountry(int, java.lang.String)[pri:0, instance:com.salesoptimize.landingpage.SelectBusinessCountryTest@13a57a3b]" name="SelectBusinessCountry" duration-ms="1969" started-at="2021-03-18T19:37:36Z" description="Verify if User was able to select Business Country as United Kingdom" finished-at="2021-03-18T19:37:38Z">
          <params>
            <param index="0">
              <value>
                <![CDATA[2]]>
              </value>
            </param>
            <param index="1">
              <value>
                <![CDATA[Dashboard]]>
              </value>
            </param>
          </params>
          <reporter-output>
          </reporter-output>
        </test-method> <!-- SelectBusinessCountry -->
      </class> <!-- com.salesoptimize.landingpage.SelectBusinessCountryTest -->
      <class name="com.salesoptimize.landingpage.FirstRecordCaptureDetailTest">
        <test-method status="PASS" signature="ExtentReportConfig(org.testng.ITestContext)[pri:0, instance:com.salesoptimize.landingpage.FirstRecordCaptureDetailTest@61a485d2]" name="ExtentReportConfig" is-config="true" duration-ms="0" started-at="2021-03-18T19:37:46Z" finished-at="2021-03-18T19:37:46Z">
          <params>
            <param index="0">
              <value>
                <![CDATA[org.testng.TestRunner@5ff2e84b]]>
              </value>
            </param>
          </params>
          <reporter-output>
          </reporter-output>
        </test-method> <!-- ExtentReportConfig -->
        <test-method status="PASS" signature="FirstRecordCaptureDetail(int, java.lang.String)[pri:0, instance:com.salesoptimize.landingpage.FirstRecordCaptureDetailTest@61a485d2]" name="FirstRecordCaptureDetail" duration-ms="11475" started-at="2021-03-18T19:37:46Z" description="Verify if User is able to click on &#039;Info&#039; for the first record and see values for fields &#039;Group Turnover&#039;, &#039;Business Location&#039;, &#039;Industry&#039;, and &#039;Sub-Industry&#039;" finished-at="2021-03-18T19:37:57Z">
          <params>
            <param index="0">
              <value>
                <![CDATA[2]]>
              </value>
            </param>
            <param index="1">
              <value>
                <![CDATA[Dashboard]]>
              </value>
            </param>
          </params>
          <reporter-output>
          </reporter-output>
        </test-method> <!-- FirstRecordCaptureDetail -->
      </class> <!-- com.salesoptimize.landingpage.FirstRecordCaptureDetailTest -->
      <class name="com.salesoptimize.landingpage.SelectCompanyTurnover1AndAboveTest">
        <test-method status="PASS" signature="ExtentReportConfig(org.testng.ITestContext)[pri:0, instance:com.salesoptimize.landingpage.SelectCompanyTurnover1AndAboveTest@337d0578]" name="ExtentReportConfig" is-config="true" duration-ms="0" started-at="2021-03-18T19:37:41Z" finished-at="2021-03-18T19:37:41Z">
          <params>
            <param index="0">
              <value>
                <![CDATA[org.testng.TestRunner@5ff2e84b]]>
              </value>
            </param>
          </params>
          <reporter-output>
          </reporter-output>
        </test-method> <!-- ExtentReportConfig -->
        <test-method status="PASS" signature="SelectCompanyTurnover1AndAbove(int, java.lang.String)[pri:0, instance:com.salesoptimize.landingpage.SelectCompanyTurnover1AndAboveTest@337d0578]" name="SelectCompanyTurnover1AndAbove" duration-ms="2658" started-at="2021-03-18T19:37:41Z" description="Verify if User is able to select Company Turnover as 1M and above" finished-at="2021-03-18T19:37:43Z">
          <params>
            <param index="0">
              <value>
                <![CDATA[2]]>
              </value>
            </param>
            <param index="1">
              <value>
                <![CDATA[Dashboard]]>
              </value>
            </param>
          </params>
          <reporter-output>
          </reporter-output>
        </test-method> <!-- SelectCompanyTurnover1AndAbove -->
      </class> <!-- com.salesoptimize.landingpage.SelectCompanyTurnover1AndAboveTest -->
      <class name="com.salesoptimize.landingpage.SearchButtonAndCaptureResultTest">
        <test-method status="PASS" signature="ExtentReportConfig(org.testng.ITestContext)[pri:0, instance:com.salesoptimize.landingpage.SearchButtonAndCaptureResultTest@59e84876]" name="ExtentReportConfig" is-config="true" duration-ms="0" started-at="2021-03-18T19:37:43Z" finished-at="2021-03-18T19:37:43Z">
          <params>
            <param index="0">
              <value>
                <![CDATA[org.testng.TestRunner@5ff2e84b]]>
              </value>
            </param>
          </params>
          <reporter-output>
          </reporter-output>
        </test-method> <!-- ExtentReportConfig -->
        <test-method status="PASS" signature="SearchButtonAndCaptureResult(int, java.lang.String)[pri:0, instance:com.salesoptimize.landingpage.SearchButtonAndCaptureResultTest@59e84876]" name="SearchButtonAndCaptureResult" duration-ms="2679" started-at="2021-03-18T19:37:43Z" description="Verify if User is be able to click on the Search button and see the no. of results returned" finished-at="2021-03-18T19:37:46Z">
          <params>
            <param index="0">
              <value>
                <![CDATA[2]]>
              </value>
            </param>
            <param index="1">
              <value>
                <![CDATA[Dashboard]]>
              </value>
            </param>
          </params>
          <reporter-output>
          </reporter-output>
        </test-method> <!-- SearchButtonAndCaptureResult -->
      </class> <!-- com.salesoptimize.landingpage.SearchButtonAndCaptureResultTest -->
      <class name="com.salesoptimize.landingpage.SelectIndustryRetailAndFashiClothingTest">
        <test-method status="PASS" signature="ExtentReportConfig(org.testng.ITestContext)[pri:0, instance:com.salesoptimize.landingpage.SelectIndustryRetailAndFashiClothingTest@7ca48474]" name="ExtentReportConfig" is-config="true" duration-ms="0" started-at="2021-03-18T19:37:38Z" finished-at="2021-03-18T19:37:38Z">
          <params>
            <param index="0">
              <value>
                <![CDATA[org.testng.TestRunner@5ff2e84b]]>
              </value>
            </param>
          </params>
          <reporter-output>
          </reporter-output>
        </test-method> <!-- ExtentReportConfig -->
        <test-method status="PASS" signature="SelectIndustryRetailAndFashiClothing(int, java.lang.String)[pri:0, instance:com.salesoptimize.landingpage.SelectIndustryRetailAndFashiClothingTest@7ca48474]" name="SelectIndustryRetailAndFashiClothing" duration-ms="2746" started-at="2021-03-18T19:37:38Z" description="Verify if User is able to select Industry as Retail and Sub Industry as Fashion &amp; Clothing" finished-at="2021-03-18T19:37:41Z">
          <params>
            <param index="0">
              <value>
                <![CDATA[2]]>
              </value>
            </param>
            <param index="1">
              <value>
                <![CDATA[Dashboard]]>
              </value>
            </param>
          </params>
          <reporter-output>
          </reporter-output>
        </test-method> <!-- SelectIndustryRetailAndFashiClothing -->
      </class> <!-- com.salesoptimize.landingpage.SelectIndustryRetailAndFashiClothingTest -->
      <class name="com.salesoptimize.landingpage.LoginSalesOptimizeTest">
        <test-method status="PASS" signature="setup()[pri:0, instance:com.salesoptimize.landingpage.LoginSalesOptimizeTest@69d9c55]" name="setup" is-config="true" duration-ms="14973" started-at="2021-03-18T19:37:17Z" finished-at="2021-03-18T19:37:32Z">
          <reporter-output>
          </reporter-output>
        </test-method> <!-- setup -->
        <test-method status="PASS" signature="ExtentReportConfig(org.testng.ITestContext)[pri:0, instance:com.salesoptimize.landingpage.LoginSalesOptimizeTest@69d9c55]" name="ExtentReportConfig" is-config="true" duration-ms="202" started-at="2021-03-18T19:37:32Z" finished-at="2021-03-18T19:37:32Z">
          <params>
            <param index="0">
              <value>
                <![CDATA[org.testng.TestRunner@5ff2e84b]]>
              </value>
            </param>
          </params>
          <reporter-output>
          </reporter-output>
        </test-method> <!-- ExtentReportConfig -->
        <test-method status="PASS" signature="LoginSalesOptimize()[pri:0, instance:com.salesoptimize.landingpage.LoginSalesOptimizeTest@69d9c55]" name="LoginSalesOptimize" duration-ms="3545" started-at="2021-03-18T19:37:32Z" description="Verify if User was able to successfully sign in the app" finished-at="2021-03-18T19:37:36Z">
          <reporter-output>
          </reporter-output>
        </test-method> <!-- LoginSalesOptimize -->
        <test-method status="PASS" signature="end()[pri:0, instance:com.salesoptimize.landingpage.LoginSalesOptimizeTest@69d9c55]" name="end" is-config="true" duration-ms="220" started-at="2021-03-18T19:38:03Z" finished-at="2021-03-18T19:38:03Z">
          <reporter-output>
          </reporter-output>
        </test-method> <!-- end -->
      </class> <!-- com.salesoptimize.landingpage.LoginSalesOptimizeTest -->
    </test> <!-- LandingPage -->
  </suite> <!-- LandingPage -->
  <suite name="MasterTestNg" duration-ms="0" started-at="2021-03-18T14:08:33Z" finished-at="2021-03-18T14:08:33Z">
    <groups>
    </groups>
  </suite> <!-- MasterTestNg -->
</testng-results>
