<?xml version="1.0" encoding="UTF-8"?>
<testng-results skipped="0" failed="1" total="2" passed="1">
  <reporter-output>
  </reporter-output>
  <suite name="LandingPage" duration-ms="4532" started-at="2021-03-15T22:07:25Z" finished-at="2021-03-15T22:07:30Z">
    <groups>
      <group name="Sanity">
        <method signature="HomeMenuTest.HomeMenu()[pri:0, instance:com.salesoptimize.landingpage.HomeMenuTest@3498ed]" name="HomeMenu" class="com.salesoptimize.landingpage.HomeMenuTest"/>
        <method signature="LoginSalesOptimizeTest.LoginSalesOptimize(int, java.lang.String)[pri:0, instance:com.salesoptimize.landingpage.LoginSalesOptimizeTest@1a407d53]" name="LoginSalesOptimize" class="com.salesoptimize.landingpage.LoginSalesOptimizeTest"/>
      </group> <!-- Sanity -->
    </groups>
    <test name="LandingPage" duration-ms="4532" started-at="2021-03-15T22:07:25Z" finished-at="2021-03-15T22:07:30Z">
      <class name="com.salesoptimize.landingpage.HomeMenuTest">
        <test-method status="PASS" signature="setup()[pri:0, instance:com.salesoptimize.landingpage.HomeMenuTest@3498ed]" name="setup" is-config="true" duration-ms="9633" started-at="2021-03-16T03:37:16Z" finished-at="2021-03-16T03:37:25Z">
          <reporter-output>
          </reporter-output>
        </test-method> <!-- setup -->
        <test-method status="PASS" signature="ExtentReportConfig(org.testng.ITestContext)[pri:0, instance:com.salesoptimize.landingpage.HomeMenuTest@3498ed]" name="ExtentReportConfig" is-config="true" duration-ms="45" started-at="2021-03-16T03:37:25Z" finished-at="2021-03-16T03:37:25Z">
          <params>
            <param index="0">
              <value>
                <![CDATA[org.testng.TestRunner@5e840abf]]>
              </value>
            </param>
          </params>
          <reporter-output>
          </reporter-output>
        </test-method> <!-- ExtentReportConfig -->
        <test-method status="PASS" signature="HomeMenu()[pri:0, instance:com.salesoptimize.landingpage.HomeMenuTest@3498ed]" name="HomeMenu" duration-ms="1058" started-at="2021-03-16T03:37:25Z" description="Verify if user is able to navigate to home page" finished-at="2021-03-16T03:37:26Z">
          <reporter-output>
          </reporter-output>
        </test-method> <!-- HomeMenu -->
        <test-method status="PASS" signature="end()[pri:0, instance:com.salesoptimize.landingpage.HomeMenuTest@3498ed]" name="end" is-config="true" duration-ms="508" started-at="2021-03-16T03:37:30Z" finished-at="2021-03-16T03:37:31Z">
          <reporter-output>
          </reporter-output>
        </test-method> <!-- end -->
      </class> <!-- com.salesoptimize.landingpage.HomeMenuTest -->
      <class name="com.salesoptimize.landingpage.LoginSalesOptimizeTest">
        <test-method status="PASS" signature="ExtentReportConfig(org.testng.ITestContext)[pri:0, instance:com.salesoptimize.landingpage.LoginSalesOptimizeTest@1a407d53]" name="ExtentReportConfig" is-config="true" duration-ms="0" started-at="2021-03-16T03:37:26Z" finished-at="2021-03-16T03:37:26Z">
          <params>
            <param index="0">
              <value>
                <![CDATA[org.testng.TestRunner@5e840abf]]>
              </value>
            </param>
          </params>
          <reporter-output>
          </reporter-output>
        </test-method> <!-- ExtentReportConfig -->
        <test-method status="FAIL" signature="LoginSalesOptimize(int, java.lang.String)[pri:0, instance:com.salesoptimize.landingpage.LoginSalesOptimizeTest@1a407d53]" name="LoginSalesOptimize" duration-ms="2356" started-at="2021-03-16T03:37:26Z" description="Verify if user is able to login with Valid UserName and password" finished-at="2021-03-16T03:37:29Z">
          <params>
            <param index="0">
              <value>
                <![CDATA[2]]>
              </value>
            </param>
            <param index="1">
              <value>
                <![CDATA[Login]]>
              </value>
            </param>
          </params>
          <exception class="java.lang.RuntimeException">
            <message>
              <![CDATA[java.lang.NullPointerException]]>
            </message>
            <full-stacktrace>
              <![CDATA[java.lang.RuntimeException: java.lang.NullPointerException
	at com.salesoptimize.landingpage.LoginSalesOptimizeTest.LoginSalesOptimize(LoginSalesOptimizeTest.java:21)
	at sun.reflect.NativeMethodAccessorImpl.invoke0(Native Method)
	at sun.reflect.NativeMethodAccessorImpl.invoke(Unknown Source)
	at sun.reflect.DelegatingMethodAccessorImpl.invoke(Unknown Source)
	at java.lang.reflect.Method.invoke(Unknown Source)
	at org.testng.internal.MethodInvocationHelper.invokeMethod(MethodInvocationHelper.java:86)
	at org.testng.internal.Invoker.invokeMethod(Invoker.java:645)
	at org.testng.internal.Invoker.invokeTestMethod(Invoker.java:822)
	at org.testng.internal.Invoker.invokeTestMethods(Invoker.java:1130)
	at org.testng.internal.TestMethodWorker.invokeTestMethods(TestMethodWorker.java:129)
	at org.testng.internal.TestMethodWorker.run(TestMethodWorker.java:112)
	at org.testng.TestRunner.privateRun(TestRunner.java:782)
	at org.testng.TestRunner.run(TestRunner.java:632)
	at org.testng.SuiteRunner.runTest(SuiteRunner.java:366)
	at org.testng.SuiteRunner.runSequentially(SuiteRunner.java:361)
	at org.testng.SuiteRunner.privateRun(SuiteRunner.java:319)
	at org.testng.SuiteRunner.run(SuiteRunner.java:268)
	at org.testng.SuiteRunnerWorker.runSuite(SuiteRunnerWorker.java:52)
	at org.testng.SuiteRunnerWorker.run(SuiteRunnerWorker.java:86)
	at org.testng.TestNG.runSuitesSequentially(TestNG.java:1244)
	at org.testng.TestNG.runSuitesSequentially(TestNG.java:1240)
	at org.testng.TestNG.runSuitesLocally(TestNG.java:1169)
	at org.testng.TestNG.run(TestNG.java:1064)
	at org.testng.remote.RemoteTestNG.run(RemoteTestNG.java:113)
	at org.testng.remote.RemoteTestNG.initAndRun(RemoteTestNG.java:206)
	at org.testng.remote.RemoteTestNG.main(RemoteTestNG.java:177)
Caused by: java.lang.NullPointerException
	at com.salesoptimize.utility.CommonMethod.findElement(CommonMethod.java:60)
	at com.salesoptimize.utility.CommonMethod.clear(CommonMethod.java:260)
	at com.salesoptimize.reusablemethods.ReusableMethodsLogin.fillLoginDetails(ReusableMethodsLogin.java:30)
	at com.salesoptimize.reusablemethods.ReusableMethodsLogin.login(ReusableMethodsLogin.java:70)
	at com.salesoptimize.landingpage.LoginSalesOptimizeTest.LoginSalesOptimize(LoginSalesOptimizeTest.java:18)
	... 25 more
]]>
            </full-stacktrace>
          </exception> <!-- java.lang.RuntimeException -->
          <reporter-output>
          </reporter-output>
        </test-method> <!-- LoginSalesOptimize -->
      </class> <!-- com.salesoptimize.landingpage.LoginSalesOptimizeTest -->
    </test> <!-- LandingPage -->
  </suite> <!-- LandingPage -->
  <suite name="MasterTestNg" duration-ms="0" started-at="2021-03-15T22:07:31Z" finished-at="2021-03-15T22:07:31Z">
    <groups>
    </groups>
  </suite> <!-- MasterTestNg -->
</testng-results>
