<?xml version="1.0" encoding="UTF-8"?>
<!-- Generated by org.testng.reporters.JUnitXMLReporter -->
<testsuite hostname="Sauravs-MacBook-Air.local" ignored="10" name="LandingPage" tests="6" failures="0" timestamp="18 Mar 2021 14:08:03 GMT" time="25.389" errors="0">
  <testcase name="LoginSalesOptimize" time="3.545" classname="com.salesoptimize.landingpage.LoginSalesOptimizeTest"/>
  <testcase name="SelectBusinessCountry" time="1.969" classname="com.salesoptimize.landingpage.SelectBusinessCountryTest"/>
  <testcase name="SelectIndustryRetailAndFashiClothing" time="2.746" classname="com.salesoptimize.landingpage.SelectIndustryRetailAndFashiClothingTest"/>
  <testcase name="SelectCompanyTurnover1AndAbove" time="2.658" classname="com.salesoptimize.landingpage.SelectCompanyTurnover1AndAboveTest"/>
  <testcase name="SearchButtonAndCaptureResult" time="2.679" classname="com.salesoptimize.landingpage.SearchButtonAndCaptureResultTest"/>
  <testcase name="FirstRecordCaptureDetail" time="11.475" classname="com.salesoptimize.landingpage.FirstRecordCaptureDetailTest"/>
  <testcase name="@BeforeSuite setup" time="0.0" classname="com.salesoptimize.utility.BaseClass">
    <ignored/>
  </testcase> <!-- @BeforeSuite setup -->
  <testcase name="@BeforeSuite setup" time="0.0" classname="com.salesoptimize.utility.BaseClass">
    <ignored/>
  </testcase> <!-- @BeforeSuite setup -->
  <testcase name="@BeforeSuite setup" time="0.0" classname="com.salesoptimize.utility.BaseClass">
    <ignored/>
  </testcase> <!-- @BeforeSuite setup -->
  <testcase name="@BeforeSuite setup" time="0.0" classname="com.salesoptimize.utility.BaseClass">
    <ignored/>
  </testcase> <!-- @BeforeSuite setup -->
  <testcase name="@BeforeSuite setup" time="0.0" classname="com.salesoptimize.utility.BaseClass">
    <ignored/>
  </testcase> <!-- @BeforeSuite setup -->
  <testcase name="@AfterSuite end" time="0.0" classname="com.salesoptimize.utility.BaseClass">
    <ignored/>
  </testcase> <!-- @AfterSuite end -->
  <testcase name="@AfterSuite end" time="0.0" classname="com.salesoptimize.utility.BaseClass">
    <ignored/>
  </testcase> <!-- @AfterSuite end -->
  <testcase name="@AfterSuite end" time="0.0" classname="com.salesoptimize.utility.BaseClass">
    <ignored/>
  </testcase> <!-- @AfterSuite end -->
  <testcase name="@AfterSuite end" time="0.0" classname="com.salesoptimize.utility.BaseClass">
    <ignored/>
  </testcase> <!-- @AfterSuite end -->
  <testcase name="@AfterSuite end" time="0.0" classname="com.salesoptimize.utility.BaseClass">
    <ignored/>
  </testcase> <!-- @AfterSuite end -->
</testsuite> <!-- LandingPage -->
